TN:
SF:C:\new\Hard 2.10.2\contracts\Staking.sol
FN:5,_msgSender
FN:13,constructor
FN:16,onlyOwner
FN:20,owner
FN:23,_checkOwner
FN:26,transferOwnership
FN:29,_transferOwnership
FN:40,current
FN:43,increment
FN:60,constructor
FN:83,stake
FN:116,claim
FN:136,sendBackDeposit
FN:157,setRewards
FN:161,setStakeToggle
FN:170,getSecInDays
FN:173,getDaysFromSec
FNF:17
FNH:16
FNDA:136,_msgSender
FNDA:6,constructor
FNDA:7,onlyOwner
FNDA:8,owner
FNDA:7,_checkOwner
FNDA:0,transferOwnership
FNDA:6,_transferOwnership
FNDA:35,current
FNDA:7,increment
FNDA:6,constructor
FNDA:9,stake
FNDA:5,claim
FNDA:1,sendBackDeposit
FNDA:5,setRewards
FNDA:1,setStakeToggle
FNDA:7,getSecInDays
FNDA:6,getDaysFromSec
DA:6,136
DA:14,6
DA:17,7
DA:18,7
DA:21,8
DA:24,7
DA:27,0
DA:30,6
DA:31,6
DA:32,6
DA:41,35
DA:44,7
DA:61,6
DA:84,9
DA:85,9
DA:86,8
DA:88,8
DA:95,8
DA:98,7
DA:99,7
DA:100,7
DA:101,7
DA:102,7
DA:103,7
DA:104,7
DA:105,7
DA:106,35
DA:107,24
DA:109,35
DA:111,7
DA:113,7
DA:117,5
DA:119,3
DA:120,2
DA:121,2
DA:122,2
DA:125,2
DA:132,2
DA:133,2
DA:137,1
DA:139,1
DA:140,1
DA:141,1
DA:142,1
DA:145,1
DA:152,1
DA:153,1
DA:158,5
DA:159,5
DA:162,1
DA:163,1
DA:165,0
DA:171,7
DA:174,6
LF:54
LH:52
BRDA:24,1,0,7
BRDA:24,1,1,0
BRDA:84,2,0,9
BRDA:84,2,1,0
BRDA:85,3,0,8
BRDA:85,3,1,1
BRDA:86,4,0,8
BRDA:86,4,1,0
BRDA:95,5,0,7
BRDA:95,5,1,1
BRDA:106,6,0,24
BRDA:106,6,1,11
BRDA:117,7,0,3
BRDA:117,7,1,2
BRDA:119,8,0,2
BRDA:119,8,1,1
BRDA:132,9,0,2
BRDA:132,9,1,0
BRDA:137,10,0,1
BRDA:137,10,1,0
BRDA:139,11,0,1
BRDA:139,11,1,0
BRDA:152,12,0,1
BRDA:152,12,1,0
BRDA:162,13,0,1
BRDA:162,13,1,0
BRF:26
BRH:18
end_of_record
TN:
SF:C:\new\Hard 2.10.2\contracts\TST.sol
FN:18,_msgSender
FN:22,_msgData
FN:52,constructor
FN:59,onlyOwner
FN:67,owner
FN:74,_checkOwner
FN:85,renounceOwnership
FN:93,transferOwnership
FN:102,_transferOwnership
FN:139,constructor
FN:150,whenNotPaused
FN:162,whenPaused
FN:170,paused
FN:177,_requireNotPaused
FN:184,_requirePaused
FN:195,_pause
FN:207,_unpause
FN:371,constructor
FN:379,name
FN:387,symbol
FN:404,decimals
FN:411,totalSupply
FN:418,balanceOf
FN:430,transfer
FN:439,allowance
FN:453,approve
FN:475,transferFrom
FN:498,increaseAllowance
FN:518,decreaseAllowance
FN:543,_transfer
FN:576,_mint
FN:602,_burn
FN:633,_approve
FN:653,_spendAllowance
FN:681,_beforeTokenTransfer
FN:701,_afterTokenTransfer
FN:716,constructor
FN:718,pause
FN:722,unpause
FN:726,mint
FN:732,_beforeTokenTransfer
FNF:41
FNH:25
FNDA:23,_msgSender
FNDA:0,_msgData
FNDA:6,constructor
FNDA:4,onlyOwner
FNDA:5,owner
FNDA:4,_checkOwner
FNDA:0,renounceOwnership
FNDA:0,transferOwnership
FNDA:6,_transferOwnership
FNDA:6,constructor
FNDA:13,whenNotPaused
FNDA:0,whenPaused
FNDA:13,paused
FNDA:13,_requireNotPaused
FNDA:0,_requirePaused
FNDA:0,_pause
FNDA:0,_unpause
FNDA:6,constructor
FNDA:0,name
FNDA:0,symbol
FNDA:0,decimals
FNDA:0,totalSupply
FNDA:5,balanceOf
FNDA:3,transfer
FNDA:9,allowance
FNDA:2,approve
FNDA:8,transferFrom
FNDA:0,increaseAllowance
FNDA:0,decreaseAllowance
FNDA:10,_transfer
FNDA:3,_mint
FNDA:0,_burn
FNDA:9,_approve
FNDA:8,_spendAllowance
FNDA:13,_beforeTokenTransfer
FNDA:13,_afterTokenTransfer
FNDA:6,constructor
FNDA:0,pause
FNDA:0,unpause
FNDA:3,mint
FNDA:13,_beforeTokenTransfer
DA:19,23
DA:23,0
DA:53,6
DA:60,4
DA:61,3
DA:68,5
DA:75,4
DA:86,0
DA:94,0
DA:95,0
DA:103,6
DA:104,6
DA:105,6
DA:140,6
DA:151,13
DA:152,13
DA:163,0
DA:164,0
DA:171,13
DA:178,13
DA:185,0
DA:196,0
DA:197,0
DA:208,0
DA:209,0
DA:372,6
DA:373,6
DA:380,0
DA:388,0
DA:405,0
DA:412,0
DA:419,5
DA:431,3
DA:432,3
DA:433,3
DA:440,9
DA:454,2
DA:455,2
DA:456,2
DA:480,8
DA:481,8
DA:482,7
DA:483,7
DA:499,0
DA:500,0
DA:501,0
DA:519,0
DA:520,0
DA:521,0
DA:522,0
DA:523,0
DA:526,0
DA:548,10
DA:549,10
DA:551,10
DA:553,10
DA:554,10
DA:555,10
DA:556,10
DA:559,10
DA:562,10
DA:564,10
DA:577,3
DA:579,3
DA:581,3
DA:582,3
DA:584,3
DA:586,3
DA:588,3
DA:603,0
DA:605,0
DA:607,0
DA:608,0
DA:609,0
DA:610,0
DA:612,0
DA:615,0
DA:617,0
DA:638,9
DA:639,9
DA:641,9
DA:642,9
DA:658,8
DA:659,8
DA:660,8
DA:661,7
DA:662,7
DA:719,0
DA:723,0
DA:727,3
DA:735,13
LF:91
LH:56
BRDA:75,1,0,3
BRDA:75,1,1,1
BRDA:94,2,0,0
BRDA:94,2,1,0
BRDA:178,3,0,13
BRDA:178,3,1,0
BRDA:185,4,0,0
BRDA:185,4,1,0
BRDA:521,5,0,0
BRDA:521,5,1,0
BRDA:548,6,0,10
BRDA:548,6,1,0
BRDA:549,7,0,10
BRDA:549,7,1,0
BRDA:554,8,0,10
BRDA:554,8,1,0
BRDA:577,9,0,3
BRDA:577,9,1,0
BRDA:603,10,0,0
BRDA:603,10,1,0
BRDA:608,11,0,0
BRDA:608,11,1,0
BRDA:638,12,0,9
BRDA:638,12,1,0
BRDA:639,13,0,9
BRDA:639,13,1,0
BRDA:659,14,0,8
BRDA:659,14,1,0
BRDA:660,15,0,7
BRDA:660,15,1,1
BRF:30
BRH:12
end_of_record
