{"contracts\\Staking.sol":{"l":{"6":136,"14":6,"17":7,"18":7,"21":8,"24":7,"27":0,"30":6,"31":6,"32":6,"41":35,"44":7,"61":6,"84":9,"85":9,"86":8,"88":8,"95":8,"98":7,"99":7,"100":7,"101":7,"102":7,"103":7,"104":7,"105":7,"106":35,"107":24,"109":35,"111":7,"113":7,"117":5,"119":3,"120":2,"121":2,"122":2,"125":2,"132":2,"133":2,"137":1,"139":1,"140":1,"141":1,"142":1,"145":1,"152":1,"153":1,"158":5,"159":5,"162":1,"163":1,"165":0,"171":7,"174":6},"path":"C:\\new\\Hard 2.10.2\\contracts\\Staking.sol","s":{"1":136,"2":6,"3":7,"4":8,"5":7,"6":0,"7":6,"8":6,"9":6,"10":35,"11":7,"12":6,"13":9,"14":9,"15":8,"16":8,"17":8,"18":7,"19":7,"20":7,"21":7,"22":7,"23":7,"24":7,"25":7,"26":35,"27":24,"28":7,"29":7,"30":5,"31":3,"32":2,"33":2,"34":2,"35":2,"36":2,"37":2,"38":1,"39":1,"40":1,"41":1,"42":1,"43":1,"44":1,"45":1,"46":5,"47":5,"48":1,"49":1,"50":0,"51":7,"52":6},"b":{"1":[7,0],"2":[9,0],"3":[8,1],"4":[8,0],"5":[7,1],"6":[24,11],"7":[3,2],"8":[2,1],"9":[2,0],"10":[1,0],"11":[1,0],"12":[1,0],"13":[1,0]},"f":{"1":136,"2":6,"3":7,"4":8,"5":7,"6":0,"7":6,"8":35,"9":7,"10":6,"11":9,"12":5,"13":1,"14":5,"15":1,"16":7,"17":6},"fnMap":{"1":{"name":"_msgSender","line":5,"loc":{"start":{"line":5,"column":4},"end":{"line":7,"column":4}}},"2":{"name":"constructor","line":13,"loc":{"start":{"line":13,"column":4},"end":{"line":15,"column":4}}},"3":{"name":"onlyOwner","line":16,"loc":{"start":{"line":16,"column":4},"end":{"line":19,"column":4}}},"4":{"name":"owner","line":20,"loc":{"start":{"line":20,"column":4},"end":{"line":22,"column":4}}},"5":{"name":"_checkOwner","line":23,"loc":{"start":{"line":23,"column":4},"end":{"line":25,"column":4}}},"6":{"name":"transferOwnership","line":26,"loc":{"start":{"line":26,"column":4},"end":{"line":28,"column":4}}},"7":{"name":"_transferOwnership","line":29,"loc":{"start":{"line":29,"column":4},"end":{"line":33,"column":4}}},"8":{"name":"current","line":40,"loc":{"start":{"line":40,"column":4},"end":{"line":42,"column":4}}},"9":{"name":"increment","line":43,"loc":{"start":{"line":43,"column":4},"end":{"line":45,"column":4}}},"10":{"name":"constructor","line":60,"loc":{"start":{"line":60,"column":4},"end":{"line":62,"column":4}}},"11":{"name":"stake","line":83,"loc":{"start":{"line":83,"column":4},"end":{"line":114,"column":4}}},"12":{"name":"claim","line":116,"loc":{"start":{"line":116,"column":4},"end":{"line":134,"column":4}}},"13":{"name":"sendBackDeposit","line":136,"loc":{"start":{"line":136,"column":4},"end":{"line":154,"column":4}}},"14":{"name":"setRewards","line":157,"loc":{"start":{"line":157,"column":4},"end":{"line":160,"column":4}}},"15":{"name":"setStakeToggle","line":161,"loc":{"start":{"line":161,"column":4},"end":{"line":167,"column":4}}},"16":{"name":"getSecInDays","line":170,"loc":{"start":{"line":170,"column":4},"end":{"line":172,"column":4}}},"17":{"name":"getDaysFromSec","line":173,"loc":{"start":{"line":173,"column":4},"end":{"line":175,"column":4}}}},"statementMap":{"1":{"start":{"line":6,"column":8},"end":{"line":6,"column":25}},"2":{"start":{"line":14,"column":8},"end":{"line":14,"column":39}},"3":{"start":{"line":17,"column":8},"end":{"line":17,"column":20}},"4":{"start":{"line":21,"column":8},"end":{"line":21,"column":21}},"5":{"start":{"line":24,"column":8},"end":{"line":24,"column":75}},"6":{"start":{"line":27,"column":8},"end":{"line":27,"column":35}},"7":{"start":{"line":30,"column":8},"end":{"line":30,"column":33}},"8":{"start":{"line":31,"column":8},"end":{"line":31,"column":24}},"9":{"start":{"line":32,"column":8},"end":{"line":32,"column":53}},"10":{"start":{"line":41,"column":8},"end":{"line":41,"column":29}},"11":{"start":{"line":44,"column":19},"end":{"line":44,"column":37}},"12":{"start":{"line":61,"column":8},"end":{"line":61,"column":15}},"13":{"start":{"line":84,"column":8},"end":{"line":84,"column":42}},"14":{"start":{"line":85,"column":8},"end":{"line":85,"column":42}},"15":{"start":{"line":86,"column":8},"end":{"line":86,"column":46}},"16":{"start":{"line":88,"column":8},"end":{"line":88,"column":3209}},"17":{"start":{"line":95,"column":8},"end":{"line":95,"column":76}},"18":{"start":{"line":98,"column":8},"end":{"line":98,"column":43}},"19":{"start":{"line":99,"column":8},"end":{"line":99,"column":85}},"20":{"start":{"line":100,"column":8},"end":{"line":100,"column":94}},"21":{"start":{"line":101,"column":8},"end":{"line":101,"column":118}},"22":{"start":{"line":102,"column":8},"end":{"line":102,"column":51}},"23":{"start":{"line":103,"column":8},"end":{"line":103,"column":37}},"24":{"start":{"line":104,"column":8},"end":{"line":104,"column":23}},"25":{"start":{"line":105,"column":8},"end":{"line":105,"column":4179}},"26":{"start":{"line":106,"column":12},"end":{"line":106,"column":4223}},"27":{"start":{"line":107,"column":16},"end":{"line":107,"column":39}},"28":{"start":{"line":111,"column":8},"end":{"line":111,"column":4413}},"29":{"start":{"line":113,"column":8},"end":{"line":113,"column":70}},"30":{"start":{"line":117,"column":8},"end":{"line":117,"column":4655}},"31":{"start":{"line":119,"column":8},"end":{"line":119,"column":86}},"32":{"start":{"line":120,"column":8},"end":{"line":120,"column":62}},"33":{"start":{"line":121,"column":8},"end":{"line":121,"column":92}},"34":{"start":{"line":122,"column":8},"end":{"line":122,"column":5116}},"35":{"start":{"line":125,"column":8},"end":{"line":125,"column":5307}},"36":{"start":{"line":132,"column":8},"end":{"line":132,"column":80}},"37":{"start":{"line":133,"column":8},"end":{"line":133,"column":51}},"38":{"start":{"line":137,"column":8},"end":{"line":137,"column":5898}},"39":{"start":{"line":139,"column":8},"end":{"line":139,"column":81}},"40":{"start":{"line":140,"column":8},"end":{"line":140,"column":57}},"41":{"start":{"line":141,"column":8},"end":{"line":141,"column":82}},"42":{"start":{"line":142,"column":8},"end":{"line":142,"column":6324}},"43":{"start":{"line":145,"column":8},"end":{"line":145,"column":6505}},"44":{"start":{"line":152,"column":8},"end":{"line":152,"column":80}},"45":{"start":{"line":153,"column":8},"end":{"line":153,"column":46}},"46":{"start":{"line":158,"column":8},"end":{"line":158,"column":36}},"47":{"start":{"line":159,"column":8},"end":{"line":159,"column":33}},"48":{"start":{"line":162,"column":8},"end":{"line":162,"column":7263}},"49":{"start":{"line":163,"column":12},"end":{"line":163,"column":30}},"50":{"start":{"line":165,"column":12},"end":{"line":165,"column":31}},"51":{"start":{"line":171,"column":8},"end":{"line":171,"column":37}},"52":{"start":{"line":174,"column":8},"end":{"line":174,"column":36}}},"branchMap":{"1":{"line":24,"type":"if","locations":[{"start":{"line":24,"column":8},"end":{"line":24,"column":8}},{"start":{"line":24,"column":8},"end":{"line":24,"column":8}}]},"2":{"line":84,"type":"if","locations":[{"start":{"line":84,"column":8},"end":{"line":84,"column":8}},{"start":{"line":84,"column":8},"end":{"line":84,"column":8}}]},"3":{"line":85,"type":"if","locations":[{"start":{"line":85,"column":8},"end":{"line":85,"column":8}},{"start":{"line":85,"column":8},"end":{"line":85,"column":8}}]},"4":{"line":86,"type":"if","locations":[{"start":{"line":86,"column":8},"end":{"line":86,"column":8}},{"start":{"line":86,"column":8},"end":{"line":86,"column":8}}]},"5":{"line":95,"type":"if","locations":[{"start":{"line":95,"column":8},"end":{"line":95,"column":8}},{"start":{"line":95,"column":8},"end":{"line":95,"column":8}}]},"6":{"line":106,"type":"if","locations":[{"start":{"line":106,"column":12},"end":{"line":106,"column":12}},{"start":{"line":106,"column":12},"end":{"line":106,"column":12}}]},"7":{"line":117,"type":"if","locations":[{"start":{"line":117,"column":8},"end":{"line":117,"column":8}},{"start":{"line":117,"column":8},"end":{"line":117,"column":8}}]},"8":{"line":119,"type":"if","locations":[{"start":{"line":119,"column":8},"end":{"line":119,"column":8}},{"start":{"line":119,"column":8},"end":{"line":119,"column":8}}]},"9":{"line":132,"type":"if","locations":[{"start":{"line":132,"column":8},"end":{"line":132,"column":8}},{"start":{"line":132,"column":8},"end":{"line":132,"column":8}}]},"10":{"line":137,"type":"if","locations":[{"start":{"line":137,"column":8},"end":{"line":137,"column":8}},{"start":{"line":137,"column":8},"end":{"line":137,"column":8}}]},"11":{"line":139,"type":"if","locations":[{"start":{"line":139,"column":8},"end":{"line":139,"column":8}},{"start":{"line":139,"column":8},"end":{"line":139,"column":8}}]},"12":{"line":152,"type":"if","locations":[{"start":{"line":152,"column":8},"end":{"line":152,"column":8}},{"start":{"line":152,"column":8},"end":{"line":152,"column":8}}]},"13":{"line":162,"type":"if","locations":[{"start":{"line":162,"column":8},"end":{"line":162,"column":8}},{"start":{"line":162,"column":8},"end":{"line":162,"column":8}}]}}},"contracts\\TST.sol":{"l":{"19":23,"23":0,"53":6,"60":4,"61":3,"68":5,"75":4,"86":0,"94":0,"95":0,"103":6,"104":6,"105":6,"140":6,"151":13,"152":13,"163":0,"164":0,"171":13,"178":13,"185":0,"196":0,"197":0,"208":0,"209":0,"372":6,"373":6,"380":0,"388":0,"405":0,"412":0,"419":5,"431":3,"432":3,"433":3,"440":9,"454":2,"455":2,"456":2,"480":8,"481":8,"482":7,"483":7,"499":0,"500":0,"501":0,"519":0,"520":0,"521":0,"522":0,"523":0,"526":0,"548":10,"549":10,"551":10,"553":10,"554":10,"555":10,"556":10,"559":10,"562":10,"564":10,"577":3,"579":3,"581":3,"582":3,"584":3,"586":3,"588":3,"603":0,"605":0,"607":0,"608":0,"609":0,"610":0,"612":0,"615":0,"617":0,"638":9,"639":9,"641":9,"642":9,"658":8,"659":8,"660":8,"661":7,"662":7,"719":0,"723":0,"727":3,"735":13},"path":"C:\\new\\Hard 2.10.2\\contracts\\TST.sol","s":{"1":23,"2":0,"3":6,"4":4,"5":5,"6":4,"7":0,"8":0,"9":0,"10":6,"11":6,"12":6,"13":6,"14":13,"15":0,"16":13,"17":13,"18":0,"19":0,"20":0,"21":0,"22":0,"23":6,"24":6,"25":0,"26":0,"27":0,"28":0,"29":5,"30":3,"31":3,"32":3,"33":9,"34":2,"35":2,"36":2,"37":8,"38":8,"39":7,"40":7,"41":0,"42":0,"43":0,"44":0,"45":0,"46":0,"47":0,"48":0,"49":10,"50":10,"51":10,"52":10,"53":10,"54":10,"55":10,"56":10,"57":10,"58":3,"59":3,"60":3,"61":3,"62":3,"63":3,"64":0,"65":0,"66":0,"67":0,"68":0,"69":0,"70":0,"71":0,"72":9,"73":9,"74":9,"75":9,"76":8,"77":8,"78":8,"79":7,"80":0,"81":0,"82":3,"83":13},"b":{"1":[3,1],"2":[0,0],"3":[13,0],"4":[0,0],"5":[0,0],"6":[10,0],"7":[10,0],"8":[10,0],"9":[3,0],"10":[0,0],"11":[0,0],"12":[9,0],"13":[9,0],"14":[8,0],"15":[7,1]},"f":{"1":23,"2":0,"3":6,"4":4,"5":5,"6":4,"7":0,"8":0,"9":6,"10":6,"11":13,"12":0,"13":13,"14":13,"15":0,"16":0,"17":0,"18":6,"19":0,"20":0,"21":0,"22":0,"23":5,"24":3,"25":9,"26":2,"27":8,"28":0,"29":0,"30":10,"31":3,"32":0,"33":9,"34":8,"35":13,"36":13,"37":6,"38":0,"39":0,"40":3,"41":13},"fnMap":{"1":{"name":"_msgSender","line":18,"loc":{"start":{"line":18,"column":4},"end":{"line":20,"column":4}}},"2":{"name":"_msgData","line":22,"loc":{"start":{"line":22,"column":4},"end":{"line":24,"column":4}}},"3":{"name":"constructor","line":52,"loc":{"start":{"line":52,"column":4},"end":{"line":54,"column":4}}},"4":{"name":"onlyOwner","line":59,"loc":{"start":{"line":59,"column":4},"end":{"line":62,"column":4}}},"5":{"name":"owner","line":67,"loc":{"start":{"line":67,"column":4},"end":{"line":69,"column":4}}},"6":{"name":"_checkOwner","line":74,"loc":{"start":{"line":74,"column":4},"end":{"line":76,"column":4}}},"7":{"name":"renounceOwnership","line":85,"loc":{"start":{"line":85,"column":4},"end":{"line":87,"column":4}}},"8":{"name":"transferOwnership","line":93,"loc":{"start":{"line":93,"column":4},"end":{"line":96,"column":4}}},"9":{"name":"_transferOwnership","line":102,"loc":{"start":{"line":102,"column":4},"end":{"line":106,"column":4}}},"10":{"name":"constructor","line":139,"loc":{"start":{"line":139,"column":4},"end":{"line":141,"column":4}}},"11":{"name":"whenNotPaused","line":150,"loc":{"start":{"line":150,"column":4},"end":{"line":153,"column":4}}},"12":{"name":"whenPaused","line":162,"loc":{"start":{"line":162,"column":4},"end":{"line":165,"column":4}}},"13":{"name":"paused","line":170,"loc":{"start":{"line":170,"column":4},"end":{"line":172,"column":4}}},"14":{"name":"_requireNotPaused","line":177,"loc":{"start":{"line":177,"column":4},"end":{"line":179,"column":4}}},"15":{"name":"_requirePaused","line":184,"loc":{"start":{"line":184,"column":4},"end":{"line":186,"column":4}}},"16":{"name":"_pause","line":195,"loc":{"start":{"line":195,"column":4},"end":{"line":198,"column":4}}},"17":{"name":"_unpause","line":207,"loc":{"start":{"line":207,"column":4},"end":{"line":210,"column":4}}},"18":{"name":"constructor","line":371,"loc":{"start":{"line":371,"column":4},"end":{"line":374,"column":4}}},"19":{"name":"name","line":379,"loc":{"start":{"line":379,"column":4},"end":{"line":381,"column":4}}},"20":{"name":"symbol","line":387,"loc":{"start":{"line":387,"column":4},"end":{"line":389,"column":4}}},"21":{"name":"decimals","line":404,"loc":{"start":{"line":404,"column":4},"end":{"line":406,"column":4}}},"22":{"name":"totalSupply","line":411,"loc":{"start":{"line":411,"column":4},"end":{"line":413,"column":4}}},"23":{"name":"balanceOf","line":418,"loc":{"start":{"line":418,"column":4},"end":{"line":420,"column":4}}},"24":{"name":"transfer","line":430,"loc":{"start":{"line":430,"column":4},"end":{"line":434,"column":4}}},"25":{"name":"allowance","line":439,"loc":{"start":{"line":439,"column":4},"end":{"line":441,"column":4}}},"26":{"name":"approve","line":453,"loc":{"start":{"line":453,"column":4},"end":{"line":457,"column":4}}},"27":{"name":"transferFrom","line":475,"loc":{"start":{"line":475,"column":4},"end":{"line":484,"column":4}}},"28":{"name":"increaseAllowance","line":498,"loc":{"start":{"line":498,"column":4},"end":{"line":502,"column":4}}},"29":{"name":"decreaseAllowance","line":518,"loc":{"start":{"line":518,"column":4},"end":{"line":527,"column":4}}},"30":{"name":"_transfer","line":543,"loc":{"start":{"line":543,"column":4},"end":{"line":565,"column":4}}},"31":{"name":"_mint","line":576,"loc":{"start":{"line":576,"column":4},"end":{"line":589,"column":4}}},"32":{"name":"_burn","line":602,"loc":{"start":{"line":602,"column":4},"end":{"line":618,"column":4}}},"33":{"name":"_approve","line":633,"loc":{"start":{"line":633,"column":4},"end":{"line":643,"column":4}}},"34":{"name":"_spendAllowance","line":653,"loc":{"start":{"line":653,"column":4},"end":{"line":665,"column":4}}},"35":{"name":"_beforeTokenTransfer","line":681,"loc":{"start":{"line":681,"column":4},"end":{"line":685,"column":24}}},"36":{"name":"_afterTokenTransfer","line":701,"loc":{"start":{"line":701,"column":4},"end":{"line":705,"column":24}}},"37":{"name":"constructor","line":716,"loc":{"start":{"line":716,"column":4},"end":{"line":716,"column":52}}},"38":{"name":"pause","line":718,"loc":{"start":{"line":718,"column":4},"end":{"line":720,"column":4}}},"39":{"name":"unpause","line":722,"loc":{"start":{"line":722,"column":4},"end":{"line":724,"column":4}}},"40":{"name":"mint","line":726,"loc":{"start":{"line":726,"column":4},"end":{"line":728,"column":4}}},"41":{"name":"_beforeTokenTransfer","line":732,"loc":{"start":{"line":730,"column":4},"end":{"line":736,"column":4}}}},"statementMap":{"1":{"start":{"line":19,"column":8},"end":{"line":19,"column":25}},"2":{"start":{"line":23,"column":8},"end":{"line":23,"column":23}},"3":{"start":{"line":53,"column":8},"end":{"line":53,"column":39}},"4":{"start":{"line":60,"column":8},"end":{"line":60,"column":20}},"5":{"start":{"line":68,"column":8},"end":{"line":68,"column":21}},"6":{"start":{"line":75,"column":8},"end":{"line":75,"column":75}},"7":{"start":{"line":86,"column":8},"end":{"line":86,"column":37}},"8":{"start":{"line":94,"column":8},"end":{"line":94,"column":80}},"9":{"start":{"line":95,"column":8},"end":{"line":95,"column":35}},"10":{"start":{"line":103,"column":8},"end":{"line":103,"column":33}},"11":{"start":{"line":104,"column":8},"end":{"line":104,"column":24}},"12":{"start":{"line":105,"column":8},"end":{"line":105,"column":53}},"13":{"start":{"line":140,"column":8},"end":{"line":140,"column":22}},"14":{"start":{"line":151,"column":8},"end":{"line":151,"column":26}},"15":{"start":{"line":163,"column":8},"end":{"line":163,"column":23}},"16":{"start":{"line":171,"column":8},"end":{"line":171,"column":22}},"17":{"start":{"line":178,"column":8},"end":{"line":178,"column":45}},"18":{"start":{"line":185,"column":8},"end":{"line":185,"column":48}},"19":{"start":{"line":196,"column":8},"end":{"line":196,"column":21}},"20":{"start":{"line":197,"column":8},"end":{"line":197,"column":33}},"21":{"start":{"line":208,"column":8},"end":{"line":208,"column":22}},"22":{"start":{"line":209,"column":8},"end":{"line":209,"column":35}},"23":{"start":{"line":372,"column":8},"end":{"line":372,"column":20}},"24":{"start":{"line":373,"column":8},"end":{"line":373,"column":24}},"25":{"start":{"line":380,"column":8},"end":{"line":380,"column":20}},"26":{"start":{"line":388,"column":8},"end":{"line":388,"column":22}},"27":{"start":{"line":405,"column":8},"end":{"line":405,"column":17}},"28":{"start":{"line":412,"column":8},"end":{"line":412,"column":27}},"29":{"start":{"line":419,"column":8},"end":{"line":419,"column":33}},"30":{"start":{"line":431,"column":8},"end":{"line":431,"column":36}},"31":{"start":{"line":432,"column":8},"end":{"line":432,"column":35}},"32":{"start":{"line":433,"column":8},"end":{"line":433,"column":19}},"33":{"start":{"line":440,"column":8},"end":{"line":440,"column":42}},"34":{"start":{"line":454,"column":8},"end":{"line":454,"column":36}},"35":{"start":{"line":455,"column":8},"end":{"line":455,"column":39}},"36":{"start":{"line":456,"column":8},"end":{"line":456,"column":19}},"37":{"start":{"line":480,"column":8},"end":{"line":480,"column":38}},"38":{"start":{"line":481,"column":8},"end":{"line":481,"column":45}},"39":{"start":{"line":482,"column":8},"end":{"line":482,"column":34}},"40":{"start":{"line":483,"column":8},"end":{"line":483,"column":19}},"41":{"start":{"line":499,"column":8},"end":{"line":499,"column":36}},"42":{"start":{"line":500,"column":8},"end":{"line":500,"column":71}},"43":{"start":{"line":501,"column":8},"end":{"line":501,"column":19}},"44":{"start":{"line":519,"column":8},"end":{"line":519,"column":36}},"45":{"start":{"line":520,"column":8},"end":{"line":520,"column":60}},"46":{"start":{"line":521,"column":8},"end":{"line":521,"column":92}},"47":{"start":{"line":523,"column":12},"end":{"line":523,"column":71}},"48":{"start":{"line":526,"column":8},"end":{"line":526,"column":19}},"49":{"start":{"line":548,"column":8},"end":{"line":548,"column":75}},"50":{"start":{"line":549,"column":8},"end":{"line":549,"column":71}},"51":{"start":{"line":551,"column":8},"end":{"line":551,"column":45}},"52":{"start":{"line":553,"column":8},"end":{"line":553,"column":45}},"53":{"start":{"line":554,"column":8},"end":{"line":554,"column":79}},"54":{"start":{"line":556,"column":12},"end":{"line":556,"column":49}},"55":{"start":{"line":559,"column":12},"end":{"line":559,"column":34}},"56":{"start":{"line":562,"column":8},"end":{"line":562,"column":39}},"57":{"start":{"line":564,"column":8},"end":{"line":564,"column":44}},"58":{"start":{"line":577,"column":8},"end":{"line":577,"column":72}},"59":{"start":{"line":579,"column":8},"end":{"line":579,"column":56}},"60":{"start":{"line":581,"column":8},"end":{"line":581,"column":29}},"61":{"start":{"line":584,"column":12},"end":{"line":584,"column":39}},"62":{"start":{"line":586,"column":8},"end":{"line":586,"column":50}},"63":{"start":{"line":588,"column":8},"end":{"line":588,"column":55}},"64":{"start":{"line":603,"column":8},"end":{"line":603,"column":74}},"65":{"start":{"line":605,"column":8},"end":{"line":605,"column":56}},"66":{"start":{"line":607,"column":8},"end":{"line":607,"column":51}},"67":{"start":{"line":608,"column":8},"end":{"line":608,"column":78}},"68":{"start":{"line":610,"column":12},"end":{"line":610,"column":55}},"69":{"start":{"line":612,"column":12},"end":{"line":612,"column":33}},"70":{"start":{"line":615,"column":8},"end":{"line":615,"column":50}},"71":{"start":{"line":617,"column":8},"end":{"line":617,"column":55}},"72":{"start":{"line":638,"column":8},"end":{"line":638,"column":75}},"73":{"start":{"line":639,"column":8},"end":{"line":639,"column":75}},"74":{"start":{"line":641,"column":8},"end":{"line":641,"column":43}},"75":{"start":{"line":642,"column":8},"end":{"line":642,"column":45}},"76":{"start":{"line":658,"column":8},"end":{"line":658,"column":60}},"77":{"start":{"line":659,"column":8},"end":{"line":659,"column":20457}},"78":{"start":{"line":660,"column":12},"end":{"line":660,"column":79}},"79":{"start":{"line":662,"column":16},"end":{"line":662,"column":66}},"80":{"start":{"line":719,"column":8},"end":{"line":719,"column":15}},"81":{"start":{"line":723,"column":8},"end":{"line":723,"column":17}},"82":{"start":{"line":727,"column":8},"end":{"line":727,"column":24}},"83":{"start":{"line":735,"column":8},"end":{"line":735,"column":51}}},"branchMap":{"1":{"line":75,"type":"if","locations":[{"start":{"line":75,"column":8},"end":{"line":75,"column":8}},{"start":{"line":75,"column":8},"end":{"line":75,"column":8}}]},"2":{"line":94,"type":"if","locations":[{"start":{"line":94,"column":8},"end":{"line":94,"column":8}},{"start":{"line":94,"column":8},"end":{"line":94,"column":8}}]},"3":{"line":178,"type":"if","locations":[{"start":{"line":178,"column":8},"end":{"line":178,"column":8}},{"start":{"line":178,"column":8},"end":{"line":178,"column":8}}]},"4":{"line":185,"type":"if","locations":[{"start":{"line":185,"column":8},"end":{"line":185,"column":8}},{"start":{"line":185,"column":8},"end":{"line":185,"column":8}}]},"5":{"line":521,"type":"if","locations":[{"start":{"line":521,"column":8},"end":{"line":521,"column":8}},{"start":{"line":521,"column":8},"end":{"line":521,"column":8}}]},"6":{"line":548,"type":"if","locations":[{"start":{"line":548,"column":8},"end":{"line":548,"column":8}},{"start":{"line":548,"column":8},"end":{"line":548,"column":8}}]},"7":{"line":549,"type":"if","locations":[{"start":{"line":549,"column":8},"end":{"line":549,"column":8}},{"start":{"line":549,"column":8},"end":{"line":549,"column":8}}]},"8":{"line":554,"type":"if","locations":[{"start":{"line":554,"column":8},"end":{"line":554,"column":8}},{"start":{"line":554,"column":8},"end":{"line":554,"column":8}}]},"9":{"line":577,"type":"if","locations":[{"start":{"line":577,"column":8},"end":{"line":577,"column":8}},{"start":{"line":577,"column":8},"end":{"line":577,"column":8}}]},"10":{"line":603,"type":"if","locations":[{"start":{"line":603,"column":8},"end":{"line":603,"column":8}},{"start":{"line":603,"column":8},"end":{"line":603,"column":8}}]},"11":{"line":608,"type":"if","locations":[{"start":{"line":608,"column":8},"end":{"line":608,"column":8}},{"start":{"line":608,"column":8},"end":{"line":608,"column":8}}]},"12":{"line":638,"type":"if","locations":[{"start":{"line":638,"column":8},"end":{"line":638,"column":8}},{"start":{"line":638,"column":8},"end":{"line":638,"column":8}}]},"13":{"line":639,"type":"if","locations":[{"start":{"line":639,"column":8},"end":{"line":639,"column":8}},{"start":{"line":639,"column":8},"end":{"line":639,"column":8}}]},"14":{"line":659,"type":"if","locations":[{"start":{"line":659,"column":8},"end":{"line":659,"column":8}},{"start":{"line":659,"column":8},"end":{"line":659,"column":8}}]},"15":{"line":660,"type":"if","locations":[{"start":{"line":660,"column":12},"end":{"line":660,"column":12}},{"start":{"line":660,"column":12},"end":{"line":660,"column":12}}]}}}}